<?xml version="1.0" encoding="UTF-8"?>
<testsuite xmlns:xsi="http://www.w3.org/2001/XMLSchema-instance" xsi:noNamespaceSchemaLocation="https://maven.apache.org/surefire/maven-surefire-plugin/xsd/surefire-test-report-3.0.xsd" version="3.0" name="com.pizzerialavera.e_commerce.ECommerceApplicationTests" time="23.661" tests="1" errors="0" skipped="0" failures="0">
  <properties>
[...]
</properties>
  <testcase name="contextLoads" classname="com.pizzerialavera.e_commerce.ECommerceApplicationTests" time="0.812">
    <system-out><![CDATA[21:19:56.105 [main] INFO org.springframework.test.context.support.AnnotationConfigContextLoaderUtils -- Could not detect default configuration classes for test class [com.pizzerialavera.e_commerce.ECommerceApplicationTests]: ECommerceApplicationTests does not declare any static, non-private, non-final, nested classes annotated with @Configuration.
21:19:56.324 [main] INFO org.springframework.boot.test.context.SpringBootTestContextBootstrapper -- Found @SpringBootConfiguration com.pizzerialavera.e_commerce.ECommerceApplication for test class com.pizzerialavera.e_commerce.ECommerceApplicationTests

  .   ____          _            __ _ _
 /\\ / ___'_ __ _ _(_)_ __  __ _ \ \ \ \
( ( )\___ | '_ | '_| | '_ \/ _` | \ \ \ \
 \\/  ___)| |_)| | | | | || (_| |  ) ) ) )
  '  |____| .__|_| |_|_| |_\__, | / / / /
 =========|_|==============|___/=/_/_/_/

 :: Spring Boot ::                (v3.3.4)

2024-09-22T21:19:57.248-03:00  INFO 18212 --- [e-commerce] [           main] c.p.e.ECommerceApplicationTests          : Starting ECommerceApplicationTests using Java 17.0.11 with PID 18212 (started by ponce in C:\Users\ponce\Documents\Programacion\UTN\TECNICATURA EN PROGRAMACION\ECOMMERCE PIZZERIA LAVERA PIZZA\Backend\e-commerce)
2024-09-22T21:19:57.250-03:00  INFO 18212 --- [e-commerce] [           main] c.p.e.ECommerceApplicationTests          : No active profile set, falling back to 1 default profile: "default"
2024-09-22T21:19:59.174-03:00  INFO 18212 --- [e-commerce] [           main] .s.d.r.c.RepositoryConfigurationDelegate : Bootstrapping Spring Data JPA repositories in DEFAULT mode.
2024-09-22T21:19:59.326-03:00  INFO 18212 --- [e-commerce] [           main] .s.d.r.c.RepositoryConfigurationDelegate : Finished Spring Data repository scanning in 138 ms. Found 8 JPA repository interfaces.
2024-09-22T21:20:00.374-03:00  INFO 18212 --- [e-commerce] [           main] o.hibernate.jpa.internal.util.LogHelper  : HHH000204: Processing PersistenceUnitInfo [name: default]
2024-09-22T21:20:00.614-03:00  INFO 18212 --- [e-commerce] [           main] org.hibernate.Version                    : HHH000412: Hibernate ORM core version 6.5.3.Final
2024-09-22T21:20:00.708-03:00  INFO 18212 --- [e-commerce] [           main] o.h.c.internal.RegionFactoryInitiator    : HHH000026: Second-level cache disabled
2024-09-22T21:20:01.452-03:00  INFO 18212 --- [e-commerce] [           main] o.s.o.j.p.SpringPersistenceUnitInfo      : No LoadTimeWeaver setup: ignoring JPA class transformer
2024-09-22T21:20:01.541-03:00  INFO 18212 --- [e-commerce] [           main] com.zaxxer.hikari.HikariDataSource       : HikariPool-1 - Starting...
2024-09-22T21:20:02.037-03:00  INFO 18212 --- [e-commerce] [           main] com.zaxxer.hikari.pool.HikariPool        : HikariPool-1 - Added connection conn0: url=jdbc:h2:file:./data/pizzeriaLaveraPizzaDB user=SA
2024-09-22T21:20:02.040-03:00  INFO 18212 --- [e-commerce] [           main] com.zaxxer.hikari.HikariDataSource       : HikariPool-1 - Start completed.
2024-09-22T21:20:04.485-03:00  INFO 18212 --- [e-commerce] [           main] o.h.e.t.j.p.i.JtaPlatformInitiator       : HHH000489: No JTA platform available (set 'hibernate.transaction.jta.platform' to enable JTA platform integration)
2024-09-22T21:20:04.599-03:00  INFO 18212 --- [e-commerce] [           main] j.LocalContainerEntityManagerFactoryBean : Initialized JPA EntityManagerFactory for persistence unit 'default'
2024-09-22T21:20:08.493-03:00  WARN 18212 --- [e-commerce] [           main] JpaBaseConfiguration$JpaWebConfiguration : spring.jpa.open-in-view is enabled by default. Therefore, database queries may be performed during view rendering. Explicitly configure spring.jpa.open-in-view to disable this warning
2024-09-22T21:20:08.691-03:00  INFO 18212 --- [e-commerce] [           main] eAuthenticationProviderManagerConfigurer : Global AuthenticationManager configured with AuthenticationProvider bean with name daoAuthenticationProvider
2024-09-22T21:20:08.693-03:00  WARN 18212 --- [e-commerce] [           main] r$InitializeUserDetailsManagerConfigurer : Global AuthenticationManager configured with an AuthenticationProvider bean. UserDetailsService beans will not be used for username/password login. Consider removing the AuthenticationProvider bean. Alternatively, consider using the UserDetailsService in a manually instantiated DaoAuthenticationProvider.
2024-09-22T21:20:13.768-03:00  WARN 18212 --- [e-commerce] [           main] ion$DefaultTemplateResolverConfiguration : Cannot find template location: classpath:/templates/ (please add some templates, check your Thymeleaf configuration, or set spring.thymeleaf.check-template-location=false)
2024-09-22T21:20:14.170-03:00  INFO 18212 --- [e-commerce] [           main] o.s.b.a.h2.H2ConsoleAutoConfiguration    : H2 console available at '/h2'. Database available at 'jdbc:h2:file:./data/pizzeriaLaveraPizzaDB'
2024-09-22T21:20:14.380-03:00  INFO 18212 --- [e-commerce] [           main] c.p.e.ECommerceApplicationTests          : Started ECommerceApplicationTests in 17.638 seconds (process running for 19.53)
Hibernate: select u1_0.id from usuarios u1_0 where u1_0.email=? fetch first ? rows only
Hibernate: select u1_0.id from usuarios u1_0 where u1_0.email=? fetch first ? rows only
Hibernate: select u1_0.id from usuarios u1_0 where u1_0.email=? fetch first ? rows only
Hibernate: select c1_0.id,c1_0.name from categories c1_0 where c1_0.name=?
Hibernate: select i1_0.id,i1_0.name from ingredients i1_0 where i1_0.name=?
Hibernate: select i1_0.id,i1_0.name from ingredients i1_0 where i1_0.name=?
Hibernate: select i1_0.id,i1_0.name from ingredients i1_0 where i1_0.name=?
Hibernate: select i1_0.id,i1_0.name from ingredients i1_0 where i1_0.name=?
Hibernate: select i1_0.id,i1_0.name from ingredients i1_0 where i1_0.name=?
Hibernate: select i1_0.id,i1_0.name from ingredients i1_0 where i1_0.name=?
Hibernate: insert into products (category_id,name,price,id) values (?,?,?,default)
Hibernate: insert into product_ingredient (product_id,ingredient_id) values (?,?)
Hibernate: insert into product_ingredient (product_id,ingredient_id) values (?,?)
Hibernate: insert into product_ingredient (product_id,ingredient_id) values (?,?)
Hibernate: insert into product_ingredient (product_id,ingredient_id) values (?,?)
Hibernate: insert into product_ingredient (product_id,ingredient_id) values (?,?)
Hibernate: insert into product_ingredient (product_id,ingredient_id) values (?,?)
Hibernate: select c1_0.id,c1_0.name from categories c1_0 where c1_0.name=?
Hibernate: select i1_0.id,i1_0.name from ingredients i1_0 where i1_0.name=?
Hibernate: select i1_0.id,i1_0.name from ingredients i1_0 where i1_0.name=?
Hibernate: select i1_0.id,i1_0.name from ingredients i1_0 where i1_0.name=?
Hibernate: select i1_0.id,i1_0.name from ingredients i1_0 where i1_0.name=?
Hibernate: select i1_0.id,i1_0.name from ingredients i1_0 where i1_0.name=?
Hibernate: select i1_0.id,i1_0.name from ingredients i1_0 where i1_0.name=?
Hibernate: select i1_0.id,i1_0.name from ingredients i1_0 where i1_0.name=?
Hibernate: insert into products (category_id,name,price,id) values (?,?,?,default)
Hibernate: insert into product_ingredient (product_id,ingredient_id) values (?,?)
Hibernate: insert into product_ingredient (product_id,ingredient_id) values (?,?)
Hibernate: insert into product_ingredient (product_id,ingredient_id) values (?,?)
Hibernate: insert into product_ingredient (product_id,ingredient_id) values (?,?)
Hibernate: insert into product_ingredient (product_id,ingredient_id) values (?,?)
Hibernate: insert into product_ingredient (product_id,ingredient_id) values (?,?)
Hibernate: insert into product_ingredient (product_id,ingredient_id) values (?,?)
Hibernate: select c1_0.id,c1_0.name from categories c1_0 where c1_0.name=?
Hibernate: select i1_0.id,i1_0.name from ingredients i1_0 where i1_0.name=?
Hibernate: select i1_0.id,i1_0.name from ingredients i1_0 where i1_0.name=?
Hibernate: select i1_0.id,i1_0.name from ingredients i1_0 where i1_0.name=?
Hibernate: select i1_0.id,i1_0.name from ingredients i1_0 where i1_0.name=?
Hibernate: select i1_0.id,i1_0.name from ingredients i1_0 where i1_0.name=?
Hibernate: select i1_0.id,i1_0.name from ingredients i1_0 where i1_0.name=?
Hibernate: select i1_0.id,i1_0.name from ingredients i1_0 where i1_0.name=?
Hibernate: select i1_0.id,i1_0.name from ingredients i1_0 where i1_0.name=?
Hibernate: select i1_0.id,i1_0.name from ingredients i1_0 where i1_0.name=?
Hibernate: insert into products (category_id,name,price,id) values (?,?,?,default)
Hibernate: insert into product_ingredient (product_id,ingredient_id) values (?,?)
Hibernate: insert into product_ingredient (product_id,ingredient_id) values (?,?)
Hibernate: insert into product_ingredient (product_id,ingredient_id) values (?,?)
Hibernate: insert into product_ingredient (product_id,ingredient_id) values (?,?)
Hibernate: insert into product_ingredient (product_id,ingredient_id) values (?,?)
Hibernate: insert into product_ingredient (product_id,ingredient_id) values (?,?)
Hibernate: insert into product_ingredient (product_id,ingredient_id) values (?,?)
Hibernate: insert into product_ingredient (product_id,ingredient_id) values (?,?)
Hibernate: insert into product_ingredient (product_id,ingredient_id) values (?,?)
Hibernate: select c1_0.id,c1_0.name from categories c1_0 where c1_0.name=?
Hibernate: select i1_0.id,i1_0.name from ingredients i1_0 where i1_0.name=?
Hibernate: select i1_0.id,i1_0.name from ingredients i1_0 where i1_0.name=?
Hibernate: select i1_0.id,i1_0.name from ingredients i1_0 where i1_0.name=?
Hibernate: insert into products (category_id,name,price,id) values (?,?,?,default)
Hibernate: insert into product_ingredient (product_id,ingredient_id) values (?,?)
Hibernate: insert into product_ingredient (product_id,ingredient_id) values (?,?)
Hibernate: insert into product_ingredient (product_id,ingredient_id) values (?,?)
Hibernate: select c1_0.id,c1_0.name from categories c1_0 where c1_0.name=?
Hibernate: select i1_0.id,i1_0.name from ingredients i1_0 where i1_0.name=?
Hibernate: select i1_0.id,i1_0.name from ingredients i1_0 where i1_0.name=?
Hibernate: select i1_0.id,i1_0.name from ingredients i1_0 where i1_0.name=?
Hibernate: select i1_0.id,i1_0.name from ingredients i1_0 where i1_0.name=?
Hibernate: select i1_0.id,i1_0.name from ingredients i1_0 where i1_0.name=?
Hibernate: select i1_0.id,i1_0.name from ingredients i1_0 where i1_0.name=?
Hibernate: select a1_0.id,a1_0.name,a1_0.price from additives a1_0 where a1_0.name=?
Hibernate: insert into products (category_id,name,price,id) values (?,?,?,default)
Hibernate: insert into product_additive (product_id,additive_id) values (?,?)
Hibernate: insert into product_ingredient (product_id,ingredient_id) values (?,?)
Hibernate: insert into product_ingredient (product_id,ingredient_id) values (?,?)
Hibernate: insert into product_ingredient (product_id,ingredient_id) values (?,?)
Hibernate: insert into product_ingredient (product_id,ingredient_id) values (?,?)
Hibernate: insert into product_ingredient (product_id,ingredient_id) values (?,?)
Hibernate: insert into product_ingredient (product_id,ingredient_id) values (?,?)
Hibernate: select c1_0.id,c1_0.name from categories c1_0 where c1_0.name=?
Hibernate: select i1_0.id,i1_0.name from ingredients i1_0 where i1_0.name=?
Hibernate: select i1_0.id,i1_0.name from ingredients i1_0 where i1_0.name=?
Hibernate: select i1_0.id,i1_0.name from ingredients i1_0 where i1_0.name=?
Hibernate: select i1_0.id,i1_0.name from ingredients i1_0 where i1_0.name=?
Hibernate: select i1_0.id,i1_0.name from ingredients i1_0 where i1_0.name=?
Hibernate: select i1_0.id,i1_0.name from ingredients i1_0 where i1_0.name=?
Hibernate: select i1_0.id,i1_0.name from ingredients i1_0 where i1_0.name=?
Hibernate: select a1_0.id,a1_0.name,a1_0.price from additives a1_0 where a1_0.name=?
Hibernate: insert into products (category_id,name,price,id) values (?,?,?,default)
Hibernate: insert into product_additive (product_id,additive_id) values (?,?)
Hibernate: insert into product_ingredient (product_id,ingredient_id) values (?,?)
Hibernate: insert into product_ingredient (product_id,ingredient_id) values (?,?)
Hibernate: insert into product_ingredient (product_id,ingredient_id) values (?,?)
Hibernate: insert into product_ingredient (product_id,ingredient_id) values (?,?)
Hibernate: insert into product_ingredient (product_id,ingredient_id) values (?,?)
Hibernate: insert into product_ingredient (product_id,ingredient_id) values (?,?)
Hibernate: insert into product_ingredient (product_id,ingredient_id) values (?,?)
Hibernate: select c1_0.id,c1_0.name from categories c1_0 where c1_0.name=?
Hibernate: select i1_0.id,i1_0.name from ingredients i1_0 where i1_0.name=?
Hibernate: select i1_0.id,i1_0.name from ingredients i1_0 where i1_0.name=?
Hibernate: select i1_0.id,i1_0.name from ingredients i1_0 where i1_0.name=?
Hibernate: select i1_0.id,i1_0.name from ingredients i1_0 where i1_0.name=?
Hibernate: select i1_0.id,i1_0.name from ingredients i1_0 where i1_0.name=?
Hibernate: select i1_0.id,i1_0.name from ingredients i1_0 where i1_0.name=?
Hibernate: select i1_0.id,i1_0.name from ingredients i1_0 where i1_0.name=?
Hibernate: select i1_0.id,i1_0.name from ingredients i1_0 where i1_0.name=?
Hibernate: select i1_0.id,i1_0.name from ingredients i1_0 where i1_0.name=?
Hibernate: select a1_0.id,a1_0.name,a1_0.price from additives a1_0 where a1_0.name=?
Hibernate: insert into products (category_id,name,price,id) values (?,?,?,default)
Hibernate: insert into product_additive (product_id,additive_id) values (?,?)
Hibernate: insert into product_ingredient (product_id,ingredient_id) values (?,?)
Hibernate: insert into product_ingredient (product_id,ingredient_id) values (?,?)
Hibernate: insert into product_ingredient (product_id,ingredient_id) values (?,?)
Hibernate: insert into product_ingredient (product_id,ingredient_id) values (?,?)
Hibernate: insert into product_ingredient (product_id,ingredient_id) values (?,?)
Hibernate: insert into product_ingredient (product_id,ingredient_id) values (?,?)
Hibernate: insert into product_ingredient (product_id,ingredient_id) values (?,?)
Hibernate: insert into product_ingredient (product_id,ingredient_id) values (?,?)
Hibernate: insert into product_ingredient (product_id,ingredient_id) values (?,?)
Hibernate: select c1_0.id,c1_0.name from categories c1_0 where c1_0.name=?
Hibernate: select i1_0.id,i1_0.name from ingredients i1_0 where i1_0.name=?
Hibernate: insert into products (category_id,name,price,id) values (?,?,?,default)
Hibernate: insert into product_ingredient (product_id,ingredient_id) values (?,?)
Hibernate: select c1_0.id,c1_0.name from categories c1_0 where c1_0.name=?
Hibernate: select i1_0.id,i1_0.name from ingredients i1_0 where i1_0.name=?
Hibernate: insert into products (category_id,name,price,id) values (?,?,?,default)
Hibernate: insert into product_ingredient (product_id,ingredient_id) values (?,?)
Hibernate: select c1_0.id,c1_0.name from categories c1_0 where c1_0.name=?
Hibernate: select i1_0.id,i1_0.name from ingredients i1_0 where i1_0.name=?
Hibernate: insert into products (category_id,name,price,id) values (?,?,?,default)
Hibernate: insert into product_ingredient (product_id,ingredient_id) values (?,?)
Hibernate: select c1_0.id,c1_0.name from categories c1_0 where c1_0.name=?
Hibernate: select i1_0.id,i1_0.name from ingredients i1_0 where i1_0.name=?
Hibernate: insert into products (category_id,name,price,id) values (?,?,?,default)
Hibernate: insert into product_ingredient (product_id,ingredient_id) values (?,?)
Hibernate: select c1_0.id,c1_0.name from categories c1_0 where c1_0.name=?
Hibernate: select i1_0.id,i1_0.name from ingredients i1_0 where i1_0.name=?
Hibernate: insert into products (category_id,name,price,id) values (?,?,?,default)
Hibernate: insert into product_ingredient (product_id,ingredient_id) values (?,?)
Hibernate: select c1_0.id,c1_0.name from categories c1_0 where c1_0.name=?
Hibernate: select i1_0.id,i1_0.name from ingredients i1_0 where i1_0.name=?
Hibernate: insert into products (category_id,name,price,id) values (?,?,?,default)
Hibernate: insert into product_ingredient (product_id,ingredient_id) values (?,?)
Hibernate: select c1_0.id,c1_0.name from categories c1_0 where c1_0.name=?
Hibernate: select i1_0.id,i1_0.name from ingredients i1_0 where i1_0.name=?
Hibernate: select a1_0.id,a1_0.name,a1_0.price from additives a1_0 where a1_0.name=?
Hibernate: select a1_0.id,a1_0.name,a1_0.price from additives a1_0 where a1_0.name=?
Hibernate: insert into products (category_id,name,price,id) values (?,?,?,default)
Hibernate: insert into product_additive (product_id,additive_id) values (?,?)
Hibernate: insert into product_additive (product_id,additive_id) values (?,?)
Hibernate: insert into product_ingredient (product_id,ingredient_id) values (?,?)
Hibernate: select c1_0.id,c1_0.name from categories c1_0 where c1_0.name=?
Hibernate: select i1_0.id,i1_0.name from ingredients i1_0 where i1_0.name=?
Hibernate: select a1_0.id,a1_0.name,a1_0.price from additives a1_0 where a1_0.name=?
Hibernate: select a1_0.id,a1_0.name,a1_0.price from additives a1_0 where a1_0.name=?
Hibernate: insert into products (category_id,name,price,id) values (?,?,?,default)
Hibernate: insert into product_additive (product_id,additive_id) values (?,?)
Hibernate: insert into product_additive (product_id,additive_id) values (?,?)
Hibernate: insert into product_ingredient (product_id,ingredient_id) values (?,?)
Hibernate: select c1_0.id,c1_0.name from categories c1_0 where c1_0.name=?
Hibernate: select i1_0.id,i1_0.name from ingredients i1_0 where i1_0.name=?
Hibernate: select i1_0.id,i1_0.name from ingredients i1_0 where i1_0.name=?
Hibernate: select i1_0.id,i1_0.name from ingredients i1_0 where i1_0.name=?
Hibernate: insert into products (category_id,name,price,id) values (?,?,?,default)
Hibernate: insert into product_ingredient (product_id,ingredient_id) values (?,?)
Hibernate: insert into product_ingredient (product_id,ingredient_id) values (?,?)
Hibernate: insert into product_ingredient (product_id,ingredient_id) values (?,?)
Hibernate: select c1_0.id,c1_0.name from categories c1_0 where c1_0.name=?
Hibernate: select i1_0.id,i1_0.name from ingredients i1_0 where i1_0.name=?
Hibernate: select i1_0.id,i1_0.name from ingredients i1_0 where i1_0.name=?
Hibernate: select a1_0.id,a1_0.name,a1_0.price from additives a1_0 where a1_0.name=?
Hibernate: insert into products (category_id,name,price,id) values (?,?,?,default)
Hibernate: insert into product_additive (product_id,additive_id) values (?,?)
Hibernate: insert into product_ingredient (product_id,ingredient_id) values (?,?)
Hibernate: insert into product_ingredient (product_id,ingredient_id) values (?,?)
Hibernate: select c1_0.id,c1_0.name from categories c1_0 where c1_0.name=?
Hibernate: select i1_0.id,i1_0.name from ingredients i1_0 where i1_0.name=?
Hibernate: select i1_0.id,i1_0.name from ingredients i1_0 where i1_0.name=?
Hibernate: select i1_0.id,i1_0.name from ingredients i1_0 where i1_0.name=?
Hibernate: select i1_0.id,i1_0.name from ingredients i1_0 where i1_0.name=?
Hibernate: select a1_0.id,a1_0.name,a1_0.price from additives a1_0 where a1_0.name=?
Hibernate: insert into products (category_id,name,price,id) values (?,?,?,default)
Hibernate: insert into product_additive (product_id,additive_id) values (?,?)
Hibernate: insert into product_ingredient (product_id,ingredient_id) values (?,?)
Hibernate: insert into product_ingredient (product_id,ingredient_id) values (?,?)
Hibernate: insert into product_ingredient (product_id,ingredient_id) values (?,?)
Hibernate: insert into product_ingredient (product_id,ingredient_id) values (?,?)
Hibernate: select c1_0.id,c1_0.name from categories c1_0 where c1_0.name=?
Hibernate: select i1_0.id,i1_0.name from ingredients i1_0 where i1_0.name=?
Hibernate: select i1_0.id,i1_0.name from ingredients i1_0 where i1_0.name=?
Hibernate: select i1_0.id,i1_0.name from ingredients i1_0 where i1_0.name=?
Hibernate: select i1_0.id,i1_0.name from ingredients i1_0 where i1_0.name=?
Hibernate: select i1_0.id,i1_0.name from ingredients i1_0 where i1_0.name=?
Hibernate: select i1_0.id,i1_0.name from ingredients i1_0 where i1_0.name=?
Hibernate: insert into products (category_id,name,price,id) values (?,?,?,default)
Hibernate: insert into product_ingredient (product_id,ingredient_id) values (?,?)
Hibernate: insert into product_ingredient (product_id,ingredient_id) values (?,?)
Hibernate: insert into product_ingredient (product_id,ingredient_id) values (?,?)
Hibernate: insert into product_ingredient (product_id,ingredient_id) values (?,?)
Hibernate: insert into product_ingredient (product_id,ingredient_id) values (?,?)
Hibernate: insert into product_ingredient (product_id,ingredient_id) values (?,?)
Hibernate: select c1_0.id,c1_0.name from categories c1_0 where c1_0.name=?
Hibernate: select i1_0.id,i1_0.name from ingredients i1_0 where i1_0.name=?
Hibernate: select i1_0.id,i1_0.name from ingredients i1_0 where i1_0.name=?
Hibernate: select i1_0.id,i1_0.name from ingredients i1_0 where i1_0.name=?
Hibernate: select a1_0.id,a1_0.name,a1_0.price from additives a1_0 where a1_0.name=?
Hibernate: select a1_0.id,a1_0.name,a1_0.price from additives a1_0 where a1_0.name=?
Hibernate: select a1_0.id,a1_0.name,a1_0.price from additives a1_0 where a1_0.name=?
Hibernate: insert into products (category_id,name,price,id) values (?,?,?,default)
Hibernate: insert into product_additive (product_id,additive_id) values (?,?)
Hibernate: insert into product_additive (product_id,additive_id) values (?,?)
Hibernate: insert into product_additive (product_id,additive_id) values (?,?)
Hibernate: insert into product_ingredient (product_id,ingredient_id) values (?,?)
Hibernate: insert into product_ingredient (product_id,ingredient_id) values (?,?)
Hibernate: insert into product_ingredient (product_id,ingredient_id) values (?,?)
Hibernate: select c1_0.id,c1_0.name from categories c1_0 where c1_0.name=?
Hibernate: select i1_0.id,i1_0.name from ingredients i1_0 where i1_0.name=?
Hibernate: select i1_0.id,i1_0.name from ingredients i1_0 where i1_0.name=?
Hibernate: select i1_0.id,i1_0.name from ingredients i1_0 where i1_0.name=?
Hibernate: select a1_0.id,a1_0.name,a1_0.price from additives a1_0 where a1_0.name=?
Hibernate: select a1_0.id,a1_0.name,a1_0.price from additives a1_0 where a1_0.name=?
Hibernate: select a1_0.id,a1_0.name,a1_0.price from additives a1_0 where a1_0.name=?
Hibernate: insert into products (category_id,name,price,id) values (?,?,?,default)
Hibernate: insert into product_additive (product_id,additive_id) values (?,?)
Hibernate: insert into product_additive (product_id,additive_id) values (?,?)
Hibernate: insert into product_additive (product_id,additive_id) values (?,?)
Hibernate: insert into product_ingredient (product_id,ingredient_id) values (?,?)
Hibernate: insert into product_ingredient (product_id,ingredient_id) values (?,?)
Hibernate: insert into product_ingredient (product_id,ingredient_id) values (?,?)
Hibernate: select c1_0.id,c1_0.name from categories c1_0 where c1_0.name=?
Hibernate: select i1_0.id,i1_0.name from ingredients i1_0 where i1_0.name=?
Hibernate: select i1_0.id,i1_0.name from ingredients i1_0 where i1_0.name=?
Hibernate: select i1_0.id,i1_0.name from ingredients i1_0 where i1_0.name=?
Hibernate: select i1_0.id,i1_0.name from ingredients i1_0 where i1_0.name=?
Hibernate: select i1_0.id,i1_0.name from ingredients i1_0 where i1_0.name=?
Hibernate: select i1_0.id,i1_0.name from ingredients i1_0 where i1_0.name=?
Hibernate: select a1_0.id,a1_0.name,a1_0.price from additives a1_0 where a1_0.name=?
Hibernate: select a1_0.id,a1_0.name,a1_0.price from additives a1_0 where a1_0.name=?
Hibernate: select a1_0.id,a1_0.name,a1_0.price from additives a1_0 where a1_0.name=?
Hibernate: insert into products (category_id,name,price,id) values (?,?,?,default)
Hibernate: insert into product_additive (product_id,additive_id) values (?,?)
Hibernate: insert into product_additive (product_id,additive_id) values (?,?)
Hibernate: insert into product_additive (product_id,additive_id) values (?,?)
Hibernate: insert into product_ingredient (product_id,ingredient_id) values (?,?)
Hibernate: insert into product_ingredient (product_id,ingredient_id) values (?,?)
Hibernate: insert into product_ingredient (product_id,ingredient_id) values (?,?)
Hibernate: insert into product_ingredient (product_id,ingredient_id) values (?,?)
Hibernate: insert into product_ingredient (product_id,ingredient_id) values (?,?)
Hibernate: insert into product_ingredient (product_id,ingredient_id) values (?,?)
Hibernate: select c1_0.id,c1_0.name from categories c1_0 where c1_0.name=?
Hibernate: select i1_0.id,i1_0.name from ingredients i1_0 where i1_0.name=?
Hibernate: select i1_0.id,i1_0.name from ingredients i1_0 where i1_0.name=?
Hibernate: select i1_0.id,i1_0.name from ingredients i1_0 where i1_0.name=?
Hibernate: select i1_0.id,i1_0.name from ingredients i1_0 where i1_0.name=?
Hibernate: select i1_0.id,i1_0.name from ingredients i1_0 where i1_0.name=?
Hibernate: select i1_0.id,i1_0.name from ingredients i1_0 where i1_0.name=?
Hibernate: select a1_0.id,a1_0.name,a1_0.price from additives a1_0 where a1_0.name=?
Hibernate: select a1_0.id,a1_0.name,a1_0.price from additives a1_0 where a1_0.name=?
Hibernate: select a1_0.id,a1_0.name,a1_0.price from additives a1_0 where a1_0.name=?
Hibernate: insert into products (category_id,name,price,id) values (?,?,?,default)
Hibernate: insert into product_additive (product_id,additive_id) values (?,?)
Hibernate: insert into product_additive (product_id,additive_id) values (?,?)
Hibernate: insert into product_additive (product_id,additive_id) values (?,?)
Hibernate: insert into product_ingredient (product_id,ingredient_id) values (?,?)
Hibernate: insert into product_ingredient (product_id,ingredient_id) values (?,?)
Hibernate: insert into product_ingredient (product_id,ingredient_id) values (?,?)
Hibernate: insert into product_ingredient (product_id,ingredient_id) values (?,?)
Hibernate: insert into product_ingredient (product_id,ingredient_id) values (?,?)
Hibernate: insert into product_ingredient (product_id,ingredient_id) values (?,?)
Hibernate: select c1_0.id,c1_0.name from categories c1_0 where c1_0.name=?
Hibernate: select i1_0.id,i1_0.name from ingredients i1_0 where i1_0.name=?
Hibernate: select i1_0.id,i1_0.name from ingredients i1_0 where i1_0.name=?
Hibernate: select i1_0.id,i1_0.name from ingredients i1_0 where i1_0.name=?
Hibernate: select i1_0.id,i1_0.name from ingredients i1_0 where i1_0.name=?
Hibernate: select a1_0.id,a1_0.name,a1_0.price from additives a1_0 where a1_0.name=?
Hibernate: select a1_0.id,a1_0.name,a1_0.price from additives a1_0 where a1_0.name=?
Hibernate: select a1_0.id,a1_0.name,a1_0.price from additives a1_0 where a1_0.name=?
Hibernate: insert into products (category_id,name,price,id) values (?,?,?,default)
Hibernate: insert into product_additive (product_id,additive_id) values (?,?)
Hibernate: insert into product_additive (product_id,additive_id) values (?,?)
Hibernate: insert into product_additive (product_id,additive_id) values (?,?)
Hibernate: insert into product_ingredient (product_id,ingredient_id) values (?,?)
Hibernate: insert into product_ingredient (product_id,ingredient_id) values (?,?)
Hibernate: insert into product_ingredient (product_id,ingredient_id) values (?,?)
Hibernate: insert into product_ingredient (product_id,ingredient_id) values (?,?)
Hibernate: select c1_0.id,c1_0.name from categories c1_0 where c1_0.name=?
Hibernate: select i1_0.id,i1_0.name from ingredients i1_0 where i1_0.name=?
Hibernate: select i1_0.id,i1_0.name from ingredients i1_0 where i1_0.name=?
Hibernate: select i1_0.id,i1_0.name from ingredients i1_0 where i1_0.name=?
Hibernate: select i1_0.id,i1_0.name from ingredients i1_0 where i1_0.name=?
Hibernate: select a1_0.id,a1_0.name,a1_0.price from additives a1_0 where a1_0.name=?
Hibernate: select a1_0.id,a1_0.name,a1_0.price from additives a1_0 where a1_0.name=?
Hibernate: select a1_0.id,a1_0.name,a1_0.price from additives a1_0 where a1_0.name=?
Hibernate: insert into products (category_id,name,price,id) values (?,?,?,default)
Hibernate: insert into product_additive (product_id,additive_id) values (?,?)
Hibernate: insert into product_additive (product_id,additive_id) values (?,?)
Hibernate: insert into product_additive (product_id,additive_id) values (?,?)
Hibernate: insert into product_ingredient (product_id,ingredient_id) values (?,?)
Hibernate: insert into product_ingredient (product_id,ingredient_id) values (?,?)
Hibernate: insert into product_ingredient (product_id,ingredient_id) values (?,?)
Hibernate: insert into product_ingredient (product_id,ingredient_id) values (?,?)
Hibernate: select c1_0.id,c1_0.name from categories c1_0 where c1_0.name=?
Hibernate: select i1_0.id,i1_0.name from ingredients i1_0 where i1_0.name=?
Hibernate: select i1_0.id,i1_0.name from ingredients i1_0 where i1_0.name=?
Hibernate: select i1_0.id,i1_0.name from ingredients i1_0 where i1_0.name=?
Hibernate: select i1_0.id,i1_0.name from ingredients i1_0 where i1_0.name=?
Hibernate: select a1_0.id,a1_0.name,a1_0.price from additives a1_0 where a1_0.name=?
Hibernate: select a1_0.id,a1_0.name,a1_0.price from additives a1_0 where a1_0.name=?
Hibernate: insert into products (category_id,name,price,id) values (?,?,?,default)
Hibernate: insert into product_additive (product_id,additive_id) values (?,?)
Hibernate: insert into product_additive (product_id,additive_id) values (?,?)
Hibernate: insert into product_ingredient (product_id,ingredient_id) values (?,?)
Hibernate: insert into product_ingredient (product_id,ingredient_id) values (?,?)
Hibernate: insert into product_ingredient (product_id,ingredient_id) values (?,?)
Hibernate: insert into product_ingredient (product_id,ingredient_id) values (?,?)
Hibernate: select c1_0.id,c1_0.name from categories c1_0 where c1_0.name=?
Hibernate: select i1_0.id,i1_0.name from ingredients i1_0 where i1_0.name=?
Hibernate: select i1_0.id,i1_0.name from ingredients i1_0 where i1_0.name=?
Hibernate: select i1_0.id,i1_0.name from ingredients i1_0 where i1_0.name=?
Hibernate: select i1_0.id,i1_0.name from ingredients i1_0 where i1_0.name=?
Hibernate: select i1_0.id,i1_0.name from ingredients i1_0 where i1_0.name=?
Hibernate: select i1_0.id,i1_0.name from ingredients i1_0 where i1_0.name=?
Hibernate: select a1_0.id,a1_0.name,a1_0.price from additives a1_0 where a1_0.name=?
Hibernate: select a1_0.id,a1_0.name,a1_0.price from additives a1_0 where a1_0.name=?
Hibernate: insert into products (category_id,name,price,id) values (?,?,?,default)
Hibernate: insert into product_additive (product_id,additive_id) values (?,?)
Hibernate: insert into product_additive (product_id,additive_id) values (?,?)
Hibernate: insert into product_ingredient (product_id,ingredient_id) values (?,?)
Hibernate: insert into product_ingredient (product_id,ingredient_id) values (?,?)
Hibernate: insert into product_ingredient (product_id,ingredient_id) values (?,?)
Hibernate: insert into product_ingredient (product_id,ingredient_id) values (?,?)
Hibernate: insert into product_ingredient (product_id,ingredient_id) values (?,?)
Hibernate: insert into product_ingredient (product_id,ingredient_id) values (?,?)
Hibernate: select c1_0.id,c1_0.name from categories c1_0 where c1_0.name=?
Hibernate: select i1_0.id,i1_0.name from ingredients i1_0 where i1_0.name=?
Hibernate: select i1_0.id,i1_0.name from ingredients i1_0 where i1_0.name=?
Hibernate: select i1_0.id,i1_0.name from ingredients i1_0 where i1_0.name=?
Hibernate: select i1_0.id,i1_0.name from ingredients i1_0 where i1_0.name=?
Hibernate: select i1_0.id,i1_0.name from ingredients i1_0 where i1_0.name=?
Hibernate: select i1_0.id,i1_0.name from ingredients i1_0 where i1_0.name=?
Hibernate: select a1_0.id,a1_0.name,a1_0.price from additives a1_0 where a1_0.name=?
Hibernate: select a1_0.id,a1_0.name,a1_0.price from additives a1_0 where a1_0.name=?
Hibernate: insert into products (category_id,name,price,id) values (?,?,?,default)
Hibernate: insert into product_additive (product_id,additive_id) values (?,?)
Hibernate: insert into product_additive (product_id,additive_id) values (?,?)
Hibernate: insert into product_ingredient (product_id,ingredient_id) values (?,?)
Hibernate: insert into product_ingredient (product_id,ingredient_id) values (?,?)
Hibernate: insert into product_ingredient (product_id,ingredient_id) values (?,?)
Hibernate: insert into product_ingredient (product_id,ingredient_id) values (?,?)
Hibernate: insert into product_ingredient (product_id,ingredient_id) values (?,?)
Hibernate: insert into product_ingredient (product_id,ingredient_id) values (?,?)
Hibernate: select c1_0.id,c1_0.name from categories c1_0 where c1_0.name=?
Hibernate: select i1_0.id,i1_0.name from ingredients i1_0 where i1_0.name=?
Hibernate: select i1_0.id,i1_0.name from ingredients i1_0 where i1_0.name=?
Hibernate: select i1_0.id,i1_0.name from ingredients i1_0 where i1_0.name=?
Hibernate: select i1_0.id,i1_0.name from ingredients i1_0 where i1_0.name=?
Hibernate: select a1_0.id,a1_0.name,a1_0.price from additives a1_0 where a1_0.name=?
Hibernate: select a1_0.id,a1_0.name,a1_0.price from additives a1_0 where a1_0.name=?
Hibernate: insert into products (category_id,name,price,id) values (?,?,?,default)
Hibernate: insert into product_additive (product_id,additive_id) values (?,?)
Hibernate: insert into product_additive (product_id,additive_id) values (?,?)
Hibernate: insert into product_ingredient (product_id,ingredient_id) values (?,?)
Hibernate: insert into product_ingredient (product_id,ingredient_id) values (?,?)
Hibernate: insert into product_ingredient (product_id,ingredient_id) values (?,?)
Hibernate: insert into product_ingredient (product_id,ingredient_id) values (?,?)
Hibernate: select c1_0.id,c1_0.name from categories c1_0 where c1_0.name=?
Hibernate: select i1_0.id,i1_0.name from ingredients i1_0 where i1_0.name=?
Hibernate: select i1_0.id,i1_0.name from ingredients i1_0 where i1_0.name=?
Hibernate: select i1_0.id,i1_0.name from ingredients i1_0 where i1_0.name=?
Hibernate: select i1_0.id,i1_0.name from ingredients i1_0 where i1_0.name=?
Hibernate: select a1_0.id,a1_0.name,a1_0.price from additives a1_0 where a1_0.name=?
Hibernate: select a1_0.id,a1_0.name,a1_0.price from additives a1_0 where a1_0.name=?
Hibernate: insert into products (category_id,name,price,id) values (?,?,?,default)
Hibernate: insert into product_additive (product_id,additive_id) values (?,?)
Hibernate: insert into product_additive (product_id,additive_id) values (?,?)
Hibernate: insert into product_ingredient (product_id,ingredient_id) values (?,?)
Hibernate: insert into product_ingredient (product_id,ingredient_id) values (?,?)
Hibernate: insert into product_ingredient (product_id,ingredient_id) values (?,?)
Hibernate: insert into product_ingredient (product_id,ingredient_id) values (?,?)
Hibernate: select c1_0.id,c1_0.name from categories c1_0 where c1_0.name=?
Hibernate: select i1_0.id,i1_0.name from ingredients i1_0 where i1_0.name=?
Hibernate: select i1_0.id,i1_0.name from ingredients i1_0 where i1_0.name=?
Hibernate: select i1_0.id,i1_0.name from ingredients i1_0 where i1_0.name=?
Hibernate: select i1_0.id,i1_0.name from ingredients i1_0 where i1_0.name=?
Hibernate: select i1_0.id,i1_0.name from ingredients i1_0 where i1_0.name=?
Hibernate: select i1_0.id,i1_0.name from ingredients i1_0 where i1_0.name=?
Hibernate: select i1_0.id,i1_0.name from ingredients i1_0 where i1_0.name=?
Hibernate: select i1_0.id,i1_0.name from ingredients i1_0 where i1_0.name=?
Hibernate: select i1_0.id,i1_0.name from ingredients i1_0 where i1_0.name=?
Hibernate: select a1_0.id,a1_0.name,a1_0.price from additives a1_0 where a1_0.name=?
Hibernate: select a1_0.id,a1_0.name,a1_0.price from additives a1_0 where a1_0.name=?
Hibernate: insert into products (category_id,name,price,id) values (?,?,?,default)
Hibernate: insert into product_additive (product_id,additive_id) values (?,?)
Hibernate: insert into product_additive (product_id,additive_id) values (?,?)
Hibernate: insert into product_ingredient (product_id,ingredient_id) values (?,?)
Hibernate: insert into product_ingredient (product_id,ingredient_id) values (?,?)
Hibernate: insert into product_ingredient (product_id,ingredient_id) values (?,?)
Hibernate: insert into product_ingredient (product_id,ingredient_id) values (?,?)
Hibernate: insert into product_ingredient (product_id,ingredient_id) values (?,?)
Hibernate: insert into product_ingredient (product_id,ingredient_id) values (?,?)
Hibernate: insert into product_ingredient (product_id,ingredient_id) values (?,?)
Hibernate: insert into product_ingredient (product_id,ingredient_id) values (?,?)
Hibernate: insert into product_ingredient (product_id,ingredient_id) values (?,?)
Hibernate: select c1_0.id,c1_0.name from categories c1_0 where c1_0.name=?
Hibernate: select i1_0.id,i1_0.name from ingredients i1_0 where i1_0.name=?
Hibernate: select i1_0.id,i1_0.name from ingredients i1_0 where i1_0.name=?
Hibernate: select i1_0.id,i1_0.name from ingredients i1_0 where i1_0.name=?
Hibernate: select i1_0.id,i1_0.name from ingredients i1_0 where i1_0.name=?
Hibernate: select i1_0.id,i1_0.name from ingredients i1_0 where i1_0.name=?
Hibernate: select i1_0.id,i1_0.name from ingredients i1_0 where i1_0.name=?
Hibernate: select i1_0.id,i1_0.name from ingredients i1_0 where i1_0.name=?
Hibernate: select i1_0.id,i1_0.name from ingredients i1_0 where i1_0.name=?
Hibernate: select i1_0.id,i1_0.name from ingredients i1_0 where i1_0.name=?
Hibernate: select a1_0.id,a1_0.name,a1_0.price from additives a1_0 where a1_0.name=?
Hibernate: select a1_0.id,a1_0.name,a1_0.price from additives a1_0 where a1_0.name=?
Hibernate: insert into products (category_id,name,price,id) values (?,?,?,default)
Hibernate: insert into product_additive (product_id,additive_id) values (?,?)
Hibernate: insert into product_additive (product_id,additive_id) values (?,?)
Hibernate: insert into product_ingredient (product_id,ingredient_id) values (?,?)
Hibernate: insert into product_ingredient (product_id,ingredient_id) values (?,?)
Hibernate: insert into product_ingredient (product_id,ingredient_id) values (?,?)
Hibernate: insert into product_ingredient (product_id,ingredient_id) values (?,?)
Hibernate: insert into product_ingredient (product_id,ingredient_id) values (?,?)
Hibernate: insert into product_ingredient (product_id,ingredient_id) values (?,?)
Hibernate: insert into product_ingredient (product_id,ingredient_id) values (?,?)
Hibernate: insert into product_ingredient (product_id,ingredient_id) values (?,?)
Hibernate: insert into product_ingredient (product_id,ingredient_id) values (?,?)
Hibernate: select c1_0.id,c1_0.name from categories c1_0 where c1_0.name=?
Hibernate: select i1_0.id,i1_0.name from ingredients i1_0 where i1_0.name=?
Hibernate: select i1_0.id,i1_0.name from ingredients i1_0 where i1_0.name=?
Hibernate: select i1_0.id,i1_0.name from ingredients i1_0 where i1_0.name=?
Hibernate: select i1_0.id,i1_0.name from ingredients i1_0 where i1_0.name=?
Hibernate: select i1_0.id,i1_0.name from ingredients i1_0 where i1_0.name=?
Hibernate: select a1_0.id,a1_0.name,a1_0.price from additives a1_0 where a1_0.name=?
Hibernate: select a1_0.id,a1_0.name,a1_0.price from additives a1_0 where a1_0.name=?
Hibernate: insert into products (category_id,name,price,id) values (?,?,?,default)
Hibernate: insert into product_additive (product_id,additive_id) values (?,?)
Hibernate: insert into product_additive (product_id,additive_id) values (?,?)
Hibernate: insert into product_ingredient (product_id,ingredient_id) values (?,?)
Hibernate: insert into product_ingredient (product_id,ingredient_id) values (?,?)
Hibernate: insert into product_ingredient (product_id,ingredient_id) values (?,?)
Hibernate: insert into product_ingredient (product_id,ingredient_id) values (?,?)
Hibernate: insert into product_ingredient (product_id,ingredient_id) values (?,?)
Hibernate: select c1_0.id,c1_0.name from categories c1_0 where c1_0.name=?
Hibernate: select i1_0.id,i1_0.name from ingredients i1_0 where i1_0.name=?
Hibernate: select i1_0.id,i1_0.name from ingredients i1_0 where i1_0.name=?
Hibernate: select i1_0.id,i1_0.name from ingredients i1_0 where i1_0.name=?
Hibernate: select i1_0.id,i1_0.name from ingredients i1_0 where i1_0.name=?
Hibernate: select i1_0.id,i1_0.name from ingredients i1_0 where i1_0.name=?
Hibernate: select a1_0.id,a1_0.name,a1_0.price from additives a1_0 where a1_0.name=?
Hibernate: select a1_0.id,a1_0.name,a1_0.price from additives a1_0 where a1_0.name=?
Hibernate: insert into products (category_id,name,price,id) values (?,?,?,default)
Hibernate: insert into product_additive (product_id,additive_id) values (?,?)
Hibernate: insert into product_additive (product_id,additive_id) values (?,?)
Hibernate: insert into product_ingredient (product_id,ingredient_id) values (?,?)
Hibernate: insert into product_ingredient (product_id,ingredient_id) values (?,?)
Hibernate: insert into product_ingredient (product_id,ingredient_id) values (?,?)
Hibernate: insert into product_ingredient (product_id,ingredient_id) values (?,?)
Hibernate: insert into product_ingredient (product_id,ingredient_id) values (?,?)
Hibernate: select c1_0.id,c1_0.name from categories c1_0 where c1_0.name=?
Hibernate: select i1_0.id,i1_0.name from ingredients i1_0 where i1_0.name=?
Hibernate: select i1_0.id,i1_0.name from ingredients i1_0 where i1_0.name=?
Hibernate: select i1_0.id,i1_0.name from ingredients i1_0 where i1_0.name=?
Hibernate: select i1_0.id,i1_0.name from ingredients i1_0 where i1_0.name=?
Hibernate: select i1_0.id,i1_0.name from ingredients i1_0 where i1_0.name=?
Hibernate: select a1_0.id,a1_0.name,a1_0.price from additives a1_0 where a1_0.name=?
Hibernate: select a1_0.id,a1_0.name,a1_0.price from additives a1_0 where a1_0.name=?
Hibernate: insert into products (category_id,name,price,id) values (?,?,?,default)
Hibernate: insert into product_additive (product_id,additive_id) values (?,?)
Hibernate: insert into product_additive (product_id,additive_id) values (?,?)
Hibernate: insert into product_ingredient (product_id,ingredient_id) values (?,?)
Hibernate: insert into product_ingredient (product_id,ingredient_id) values (?,?)
Hibernate: insert into product_ingredient (product_id,ingredient_id) values (?,?)
Hibernate: insert into product_ingredient (product_id,ingredient_id) values (?,?)
Hibernate: insert into product_ingredient (product_id,ingredient_id) values (?,?)
Hibernate: select c1_0.id,c1_0.name from categories c1_0 where c1_0.name=?
Hibernate: select i1_0.id,i1_0.name from ingredients i1_0 where i1_0.name=?
Hibernate: select i1_0.id,i1_0.name from ingredients i1_0 where i1_0.name=?
Hibernate: select i1_0.id,i1_0.name from ingredients i1_0 where i1_0.name=?
Hibernate: select i1_0.id,i1_0.name from ingredients i1_0 where i1_0.name=?
Hibernate: select i1_0.id,i1_0.name from ingredients i1_0 where i1_0.name=?
Hibernate: select a1_0.id,a1_0.name,a1_0.price from additives a1_0 where a1_0.name=?
Hibernate: select a1_0.id,a1_0.name,a1_0.price from additives a1_0 where a1_0.name=?
Hibernate: insert into products (category_id,name,price,id) values (?,?,?,default)
Hibernate: insert into product_additive (product_id,additive_id) values (?,?)
Hibernate: insert into product_additive (product_id,additive_id) values (?,?)
Hibernate: insert into product_ingredient (product_id,ingredient_id) values (?,?)
Hibernate: insert into product_ingredient (product_id,ingredient_id) values (?,?)
Hibernate: insert into product_ingredient (product_id,ingredient_id) values (?,?)
Hibernate: insert into product_ingredient (product_id,ingredient_id) values (?,?)
Hibernate: insert into product_ingredient (product_id,ingredient_id) values (?,?)
Hibernate: select c1_0.id,c1_0.name from categories c1_0 where c1_0.name=?
Hibernate: select i1_0.id,i1_0.name from ingredients i1_0 where i1_0.name=?
Hibernate: select i1_0.id,i1_0.name from ingredients i1_0 where i1_0.name=?
Hibernate: select i1_0.id,i1_0.name from ingredients i1_0 where i1_0.name=?
Hibernate: select a1_0.id,a1_0.name,a1_0.price from additives a1_0 where a1_0.name=?
Hibernate: select a1_0.id,a1_0.name,a1_0.price from additives a1_0 where a1_0.name=?
Hibernate: insert into products (category_id,name,price,id) values (?,?,?,default)
Hibernate: insert into product_additive (product_id,additive_id) values (?,?)
Hibernate: insert into product_additive (product_id,additive_id) values (?,?)
Hibernate: insert into product_ingredient (product_id,ingredient_id) values (?,?)
Hibernate: insert into product_ingredient (product_id,ingredient_id) values (?,?)
Hibernate: insert into product_ingredient (product_id,ingredient_id) values (?,?)
Hibernate: select c1_0.id,c1_0.name from categories c1_0 where c1_0.name=?
Hibernate: select i1_0.id,i1_0.name from ingredients i1_0 where i1_0.name=?
Hibernate: select i1_0.id,i1_0.name from ingredients i1_0 where i1_0.name=?
Hibernate: select i1_0.id,i1_0.name from ingredients i1_0 where i1_0.name=?
Hibernate: select a1_0.id,a1_0.name,a1_0.price from additives a1_0 where a1_0.name=?
Hibernate: select a1_0.id,a1_0.name,a1_0.price from additives a1_0 where a1_0.name=?
Hibernate: insert into products (category_id,name,price,id) values (?,?,?,default)
Hibernate: insert into product_additive (product_id,additive_id) values (?,?)
Hibernate: insert into product_additive (product_id,additive_id) values (?,?)
Hibernate: insert into product_ingredient (product_id,ingredient_id) values (?,?)
Hibernate: insert into product_ingredient (product_id,ingredient_id) values (?,?)
Hibernate: insert into product_ingredient (product_id,ingredient_id) values (?,?)
Hibernate: select c1_0.id,c1_0.name from categories c1_0 where c1_0.name=?
Hibernate: select i1_0.id,i1_0.name from ingredients i1_0 where i1_0.name=?
Hibernate: select i1_0.id,i1_0.name from ingredients i1_0 where i1_0.name=?
Hibernate: select i1_0.id,i1_0.name from ingredients i1_0 where i1_0.name=?
Hibernate: select i1_0.id,i1_0.name from ingredients i1_0 where i1_0.name=?
Hibernate: select i1_0.id,i1_0.name from ingredients i1_0 where i1_0.name=?
Hibernate: select a1_0.id,a1_0.name,a1_0.price from additives a1_0 where a1_0.name=?
Hibernate: select a1_0.id,a1_0.name,a1_0.price from additives a1_0 where a1_0.name=?
Hibernate: insert into products (category_id,name,price,id) values (?,?,?,default)
Hibernate: insert into product_additive (product_id,additive_id) values (?,?)
Hibernate: insert into product_additive (product_id,additive_id) values (?,?)
Hibernate: insert into product_ingredient (product_id,ingredient_id) values (?,?)
Hibernate: insert into product_ingredient (product_id,ingredient_id) values (?,?)
Hibernate: insert into product_ingredient (product_id,ingredient_id) values (?,?)
Hibernate: insert into product_ingredient (product_id,ingredient_id) values (?,?)
Hibernate: insert into product_ingredient (product_id,ingredient_id) values (?,?)
Hibernate: select c1_0.id,c1_0.name from categories c1_0 where c1_0.name=?
Hibernate: select i1_0.id,i1_0.name from ingredients i1_0 where i1_0.name=?
Hibernate: select i1_0.id,i1_0.name from ingredients i1_0 where i1_0.name=?
Hibernate: select i1_0.id,i1_0.name from ingredients i1_0 where i1_0.name=?
Hibernate: select i1_0.id,i1_0.name from ingredients i1_0 where i1_0.name=?
Hibernate: select i1_0.id,i1_0.name from ingredients i1_0 where i1_0.name=?
Hibernate: select a1_0.id,a1_0.name,a1_0.price from additives a1_0 where a1_0.name=?
Hibernate: select a1_0.id,a1_0.name,a1_0.price from additives a1_0 where a1_0.name=?
Hibernate: insert into products (category_id,name,price,id) values (?,?,?,default)
Hibernate: insert into product_additive (product_id,additive_id) values (?,?)
Hibernate: insert into product_additive (product_id,additive_id) values (?,?)
Hibernate: insert into product_ingredient (product_id,ingredient_id) values (?,?)
Hibernate: insert into product_ingredient (product_id,ingredient_id) values (?,?)
Hibernate: insert into product_ingredient (product_id,ingredient_id) values (?,?)
Hibernate: insert into product_ingredient (product_id,ingredient_id) values (?,?)
Hibernate: insert into product_ingredient (product_id,ingredient_id) values (?,?)
Hibernate: select c1_0.id,c1_0.name from categories c1_0 where c1_0.name=?
Hibernate: select i1_0.id,i1_0.name from ingredients i1_0 where i1_0.name=?
Hibernate: select i1_0.id,i1_0.name from ingredients i1_0 where i1_0.name=?
Hibernate: select i1_0.id,i1_0.name from ingredients i1_0 where i1_0.name=?
Hibernate: select i1_0.id,i1_0.name from ingredients i1_0 where i1_0.name=?
Hibernate: select a1_0.id,a1_0.name,a1_0.price from additives a1_0 where a1_0.name=?
Hibernate: select a1_0.id,a1_0.name,a1_0.price from additives a1_0 where a1_0.name=?
Hibernate: insert into products (category_id,name,price,id) values (?,?,?,default)
Hibernate: insert into product_additive (product_id,additive_id) values (?,?)
Hibernate: insert into product_additive (product_id,additive_id) values (?,?)
Hibernate: insert into product_ingredient (product_id,ingredient_id) values (?,?)
Hibernate: insert into product_ingredient (product_id,ingredient_id) values (?,?)
Hibernate: insert into product_ingredient (product_id,ingredient_id) values (?,?)
Hibernate: insert into product_ingredient (product_id,ingredient_id) values (?,?)
Hibernate: select c1_0.id,c1_0.name from categories c1_0 where c1_0.name=?
Hibernate: select i1_0.id,i1_0.name from ingredients i1_0 where i1_0.name=?
Hibernate: select i1_0.id,i1_0.name from ingredients i1_0 where i1_0.name=?
Hibernate: select i1_0.id,i1_0.name from ingredients i1_0 where i1_0.name=?
Hibernate: select i1_0.id,i1_0.name from ingredients i1_0 where i1_0.name=?
Hibernate: select a1_0.id,a1_0.name,a1_0.price from additives a1_0 where a1_0.name=?
Hibernate: select a1_0.id,a1_0.name,a1_0.price from additives a1_0 where a1_0.name=?
Hibernate: insert into products (category_id,name,price,id) values (?,?,?,default)
Hibernate: insert into product_additive (product_id,additive_id) values (?,?)
Hibernate: insert into product_additive (product_id,additive_id) values (?,?)
Hibernate: insert into product_ingredient (product_id,ingredient_id) values (?,?)
Hibernate: insert into product_ingredient (product_id,ingredient_id) values (?,?)
Hibernate: insert into product_ingredient (product_id,ingredient_id) values (?,?)
Hibernate: insert into product_ingredient (product_id,ingredient_id) values (?,?)
]]></system-out>
  </testcase>
</testsuite>